<?xml version="1.0" encoding="UTF-8"?>
<testng-results ignored="0" total="1" passed="1" failed="0" skipped="0">
  <reporter-output>
  </reporter-output>
  <suite started-at="2022-08-01T22:24:05 IST" name="Default suite" finished-at="2022-08-01T22:24:15 IST" duration-ms="10398">
    <groups>
    </groups>
    <test started-at="2022-08-01T22:24:05 IST" name="Default test" finished-at="2022-08-01T22:24:15 IST" duration-ms="10398">
      <class name="Mobileworld.signin">
        <test-method signature="launch()[pri:0, instance:Mobileworld.signin@10d307f1]" started-at="2022-08-01T22:24:05 IST" name="launch" finished-at="2022-08-01T22:24:15 IST" duration-ms="10353" status="PASS">
          <reporter-output>
          </reporter-output>
        </test-method> <!-- launch -->
      </class> <!-- Mobileworld.signin -->
    </test> <!-- Default test -->
  </suite> <!-- Default suite -->
</testng-results>
